{"level":"info","message":"log from login endpoint success","service":"billing-service","timestamp":"2022-08-08T12:49:27.865Z"}
{"level":"info","message":"Order \"1234\" was processed succesffully","service":"billing-service","timestamp":"2022-08-08T12:49:32.562Z","userId":"62e82c050b7e900b1ed9be22"}
{"level":"info","message":"log from login endpoint logout","service":"billing-service","timestamp":"2022-08-08T12:54:55.292Z"}
{"level":"info","message":"Server is running","service":"billing-service","timestamp":"2022-08-08T12:56:03.273Z"}
{"level":"info","message":"Server is running","service":"billing-service","timestamp":"2022-08-08T12:56:12.805Z"}
{"level":"info","message":"Server is running","service":"billing-service","timestamp":"2022-08-08T12:56:39.573Z"}
{"level":"info","message":"log from login endpoint success","service":"billing-service","timestamp":"2022-08-08T12:56:47.451Z"}
{"level":"info","message":"Server is running","service":"billing-service","timestamp":"2022-08-08T12:57:17.160Z"}
{"level":"info","message":"log from login endpoint logout","service":"billing-service","timestamp":"2022-08-08T12:57:19.700Z"}
{"level":"info","message":"log from login endpoint success","service":"billing-service","timestamp":"2022-08-08T12:57:24.470Z"}
{"level":"info","message":"Server is running","service":"billing-service","timestamp":"2022-08-08T13:13:13.142Z"}
{"level":"info","message":"log from login endpoint logout","service":"billing-service","timestamp":"2022-08-08T13:13:17.050Z"}
{"level":"info","message":"log from login endpoint success","service":"billing-service","timestamp":"2022-08-08T13:13:23.347Z"}
{"level":"info","message":"Server is running","service":"billing-service","timestamp":"2022-08-08T13:50:31.500Z"}
{"level":"info","message":"log from login endpoint logout","service":"billing-service","timestamp":"2022-08-08T13:51:06.891Z"}
{"level":"info","message":"log from login endpoint success","service":"billing-service","timestamp":"2022-08-08T13:51:14.410Z"}
{"level":"info","message":"Server is running","service":"billing-service","timestamp":"2022-08-08T15:01:28.030Z"}
{"level":"info","message":"Server is running","service":"billing-service","timestamp":"2022-08-08T15:02:30.759Z"}
{"level":"info","message":"log from login endpoint logout","service":"billing-service","timestamp":"2022-08-08T15:02:35.290Z"}
{"level":"info","message":"log from login endpoint success","service":"billing-service","timestamp":"2022-08-08T15:02:44.737Z"}
{"level":"info","message":"Server is running","service":"billing-service","timestamp":"2022-08-08T15:02:53.011Z"}
{"level":"info","message":"log from login endpoint logout","service":"billing-service","timestamp":"2022-08-08T15:02:54.099Z"}
{"level":"info","message":"log from login endpoint success","service":"billing-service","timestamp":"2022-08-08T15:03:00.232Z"}
{"level":"info","message":"log from login endpoint logout","service":"billing-service","timestamp":"2022-08-08T15:04:30.117Z"}
{"level":"info","message":"log from login endpoint success","service":"billing-service","timestamp":"2022-08-08T15:04:51.094Z"}
{"level":"info","message":"log from login endpoint logout","service":"billing-service","timestamp":"2022-08-08T15:04:52.955Z"}
{"level":"info","message":"log from login endpoint success","service":"billing-service","timestamp":"2022-08-08T15:05:00.539Z"}
{"level":"info","message":"log from login endpoint logout","service":"billing-service","timestamp":"2022-08-08T15:05:03.549Z"}
{"level":"info","message":"log from login endpoint success","service":"billing-service","timestamp":"2022-08-08T17:07:28.722Z"}
{"level":"info","message":"Server is running","service":"billing-service","timestamp":"2022-08-08T17:21:42.057Z"}
{"level":"info","message":"Server is running","service":"billing-service","timestamp":"2022-08-08T17:21:52.082Z"}
{"level":"info","message":"Server is running","service":"billing-service","timestamp":"2022-08-08T19:53:19.061Z"}
{"level":"info","message":"log from login endpoint logout","service":"billing-service","timestamp":"2022-08-08T19:56:50.739Z"}
{"level":"info","message":"log from login endpoint success","service":"billing-service","timestamp":"2022-08-08T19:59:06.922Z"}
{"level":"info","message":"Server is running","service":"billing-service","timestamp":"2022-08-08T21:35:44.081Z"}
{"level":"info","message":"Server is running","service":"billing-service","timestamp":"2022-08-08T21:35:56.367Z"}
{"level":"info","message":"Server is running","service":"billing-service","timestamp":"2022-08-08T21:40:18.793Z"}
{"level":"info","message":"Server is running","service":"billing-service","timestamp":"2022-08-08T21:40:31.842Z"}
{"level":"info","message":"Server is running","service":"billing-service","timestamp":"2022-08-08T21:41:46.268Z"}
{"level":"info","message":"Server is running","service":"billing-service","timestamp":"2022-08-08T21:41:56.322Z"}
{"level":"info","message":"log from login endpoint success","service":"billing-service","timestamp":"2022-08-08T21:41:57.981Z"}
{"level":"info","message":"Server is running","service":"billing-service","timestamp":"2022-08-08T21:44:37.322Z"}
{"level":"info","message":"Server is running","service":"billing-service","timestamp":"2022-08-08T21:46:22.487Z"}
{"level":"info","message":"Server is running","service":"billing-service","timestamp":"2022-08-08T21:47:14.554Z"}
{"level":"info","message":"Server is running","service":"billing-service","timestamp":"2022-08-08T21:48:31.549Z"}
{"level":"info","message":"log from login endpoint logout","service":"billing-service","timestamp":"2022-08-08T21:59:54.987Z"}
{"level":"info","message":"log from login endpoint success","service":"billing-service","timestamp":"2022-08-08T21:59:59.541Z"}
{"level":"info","message":"log from login endpoint logout","service":"billing-service","timestamp":"2022-08-08T22:03:24.821Z"}
{"level":"info","message":"Server is running","service":"billing-service","timestamp":"2022-08-09T00:12:00.664Z"}
{"level":"info","message":"Server is running","service":"billing-service","timestamp":"2022-08-09T00:14:00.546Z"}
{"level":"info","message":"Server is running","service":"billing-service","timestamp":"2022-08-09T00:16:04.711Z"}
{"level":"info","message":"Server is running","service":"billing-service","timestamp":"2022-08-09T00:17:54.195Z"}
{"level":"info","message":"Server is running","service":"billing-service","timestamp":"2022-08-09T00:18:30.944Z"}
{"level":"info","message":"Server is running","service":"billing-service","timestamp":"2022-08-09T00:19:25.737Z"}
{"level":"info","message":"Server is running","service":"billing-service","timestamp":"2022-08-09T00:21:01.020Z"}
{"level":"info","message":"Server is running","service":"billing-service","timestamp":"2022-08-09T00:22:12.189Z"}
{"level":"info","message":"Server is running","service":"billing-service","timestamp":"2022-08-09T10:54:26.051Z"}
{"level":"info","message":"Server is running","service":"billing-service","timestamp":"2022-08-09T10:54:46.485Z"}
{"level":"info","message":"Server is running","service":"billing-service","timestamp":"2022-08-09T10:54:56.663Z"}
{"level":"info","message":"Server is running","service":"billing-service","timestamp":"2022-08-09T10:59:23.790Z"}
{"level":"info","message":"Server is running","service":"billing-service","timestamp":"2022-08-09T10:59:33.377Z"}
{"level":"info","message":"Server is running","service":"billing-service","timestamp":"2022-08-09T11:00:14.778Z"}
{"level":"info","message":"Server is running","service":"billing-service","timestamp":"2022-08-09T11:56:28.633Z"}
{"level":"info","message":"Server is running","service":"billing-service","timestamp":"2022-08-09T11:56:39.617Z"}
{"level":"info","message":"Server is running","service":"billing-service","timestamp":"2022-08-09T11:56:41.050Z"}
{"level":"info","message":"Server is running","service":"billing-service","timestamp":"2022-08-09T11:56:46.784Z"}
{"level":"info","message":"Server is running","service":"billing-service","timestamp":"2022-08-09T11:57:44.379Z"}
{"level":"info","message":"Server is running","service":"billing-service","timestamp":"2022-08-09T11:58:20.386Z"}
{"level":"info","message":"Server is running","service":"billing-service","timestamp":"2022-08-09T11:59:19.950Z"}
{"level":"info","message":"Server is running","service":"billing-service","timestamp":"2022-08-09T11:59:52.060Z"}
{"level":"info","message":"Server is running","service":"billing-service","timestamp":"2022-08-09T12:00:02.662Z"}
{"level":"info","message":"Server is running","service":"billing-service","timestamp":"2022-08-09T12:02:07.109Z"}
{"level":"info","message":"Server is running","service":"billing-service","timestamp":"2022-08-09T12:02:40.778Z"}
{"level":"info","message":"Server is running","service":"billing-service","timestamp":"2022-08-09T12:04:33.891Z"}
{"level":"info","message":"Server is running","service":"billing-service","timestamp":"2022-08-09T12:04:38.155Z"}
{"level":"info","message":"Server is running","service":"billing-service","timestamp":"2022-08-09T12:08:36.788Z"}
{"level":"info","message":"Server is running","service":"billing-service","timestamp":"2022-08-09T12:09:09.988Z"}
{"level":"info","message":"Server is running","service":"billing-service","timestamp":"2022-08-09T12:09:22.758Z"}
{"level":"info","message":"Server is running","service":"billing-service","timestamp":"2022-08-09T12:09:55.475Z"}
{"level":"info","message":"Server is running","service":"billing-service","timestamp":"2022-08-09T12:10:12.851Z"}
{"level":"info","message":"Server is running","service":"billing-service","timestamp":"2022-08-09T12:10:33.412Z"}
{"level":"info","message":"Server is running","service":"billing-service","timestamp":"2022-08-09T12:11:25.855Z"}
{"level":"info","message":"Server is running","service":"billing-service","timestamp":"2022-08-09T12:11:31.326Z"}
{"level":"info","message":"Server is running","service":"billing-service","timestamp":"2022-08-09T12:11:37.682Z"}
{"level":"info","message":"Server is running","service":"billing-service","timestamp":"2022-08-09T12:11:45.930Z"}
{"level":"info","message":"Server is running","service":"billing-service","timestamp":"2022-08-09T12:13:37.154Z"}
{"level":"info","message":"Server is running","service":"billing-service","timestamp":"2022-08-09T12:29:38.094Z"}
{"level":"info","message":"Server is running","service":"billing-service","timestamp":"2022-08-09T13:02:03.530Z"}
{"level":"info","message":"Server is running","service":"billing-service","timestamp":"2022-08-09T13:02:18.254Z"}
{"level":"info","message":"Server is running","service":"billing-service","timestamp":"2022-08-09T13:03:32.455Z"}
{"level":"info","message":"Server is running","service":"billing-service","timestamp":"2022-08-09T13:04:20.240Z"}
{"level":"info","message":"Server is running","service":"billing-service","timestamp":"2022-08-09T13:04:37.723Z"}
{"level":"info","message":"Server is running","service":"billing-service","timestamp":"2022-08-09T13:04:49.471Z"}
{"level":"info","message":"Server is running","service":"billing-service","timestamp":"2022-08-09T13:06:57.975Z"}
{"level":"info","message":"Server is running","service":"billing-service","timestamp":"2022-08-09T13:07:32.180Z"}
{"level":"info","message":"Server is running","service":"billing-service","timestamp":"2022-08-09T13:08:16.051Z"}
{"level":"info","message":"Server is running","service":"billing-service","timestamp":"2022-08-09T13:08:42.383Z"}
{"level":"info","message":"Server is running","service":"billing-service","timestamp":"2022-08-09T13:09:02.255Z"}
{"level":"info","message":"Server is running","service":"billing-service","timestamp":"2022-08-09T13:09:33.786Z"}
{"level":"info","message":"Server is running","service":"billing-service","timestamp":"2022-08-09T13:09:49.998Z"}
{"level":"info","message":"Server is running","service":"billing-service","timestamp":"2022-08-09T13:10:03.939Z"}
{"level":"info","message":"Server is running","service":"billing-service","timestamp":"2022-08-09T13:10:13.793Z"}
{"level":"info","message":"Server is running","service":"billing-service","timestamp":"2022-08-09T13:10:19.696Z"}
{"level":"info","message":"Server is running","service":"billing-service","timestamp":"2022-08-09T13:10:22.970Z"}
{"level":"info","message":"Server is running","service":"billing-service","timestamp":"2022-08-09T13:10:34.754Z"}
{"level":"info","message":"Server is running","service":"billing-service","timestamp":"2022-08-09T13:12:12.540Z"}
{"level":"info","message":"Server is running","service":"billing-service","timestamp":"2022-08-09T13:12:30.012Z"}
{"level":"info","message":"Server is running","service":"billing-service","timestamp":"2022-08-09T13:14:12.508Z"}
{"level":"info","message":"Server is running","service":"billing-service","timestamp":"2022-08-09T13:27:11.105Z"}
{"level":"info","message":"Server is running","service":"billing-service","timestamp":"2022-08-09T13:27:26.947Z"}
{"level":"info","message":"Server is running","service":"billing-service","timestamp":"2022-08-09T13:27:55.065Z"}
{"level":"info","message":"Server is running","service":"billing-service","timestamp":"2022-08-09T13:36:54.912Z"}
{"level":"info","message":"Server is running","service":"billing-service","timestamp":"2022-08-09T13:40:32.890Z"}
{"level":"info","message":"Server is running","service":"billing-service","timestamp":"2022-08-09T13:40:37.635Z"}
{"level":"info","message":"Server is running","service":"billing-service","timestamp":"2022-08-09T13:41:36.473Z"}
{"level":"info","message":"Server is running","service":"billing-service","timestamp":"2022-08-09T13:57:37.609Z"}
{"level":"info","message":"Server is running","service":"billing-service","timestamp":"2022-08-09T13:58:45.495Z"}
{"level":"info","message":"Server is running","service":"billing-service","timestamp":"2022-08-09T17:12:01.338Z"}
{"level":"info","message":"Server is running","service":"billing-service","timestamp":"2022-08-09T17:25:41.988Z"}
{"level":"info","message":"Server is running","service":"billing-service","timestamp":"2022-08-09T17:27:06.249Z"}
{"level":"info","message":"Server is running","service":"billing-service","timestamp":"2022-08-09T17:29:49.380Z"}
{"level":"info","message":"Server is running","service":"billing-service","timestamp":"2022-08-09T17:30:02.836Z"}
{"level":"info","message":"Server is running","service":"billing-service","timestamp":"2022-08-09T17:31:00.832Z"}
{"level":"info","message":"Server is running","service":"billing-service","timestamp":"2022-08-09T17:37:39.195Z"}
{"level":"info","message":"Server is running","service":"billing-service","timestamp":"2022-08-09T17:38:23.134Z"}
{"level":"info","message":"Server is running","service":"billing-service","timestamp":"2022-08-09T17:39:09.588Z"}
{"level":"info","message":"Server is running","service":"billing-service","timestamp":"2022-08-09T17:39:12.536Z"}
{"level":"info","message":"Server is running","service":"billing-service","timestamp":"2022-08-09T17:39:40.907Z"}
{"level":"info","message":"Server is running","service":"billing-service","timestamp":"2022-08-09T17:48:49.784Z"}
{"level":"info","message":"Server is running","service":"billing-service","timestamp":"2022-08-09T17:49:28.107Z"}
{"level":"info","message":"Server is running","service":"billing-service","timestamp":"2022-08-09T17:55:07.936Z"}
{"level":"info","message":"Server is running","service":"billing-service","timestamp":"2022-08-09T17:56:08.282Z"}
{"level":"info","message":"success:true from verify endpoint","service":"billing-service","timestamp":"2022-08-09T17:56:11.034Z"}
{"level":"info","message":"success:true from verify endpoint","service":"billing-service","timestamp":"2022-08-09T17:57:01.985Z"}
{"level":"info","message":"success:true from verify endpoint","service":"billing-service","timestamp":"2022-08-09T17:58:54.404Z"}
{"level":"info","message":"Server is running","service":"billing-service","timestamp":"2022-08-09T18:01:37.375Z"}
{"level":"info","message":"Server is running","service":"billing-service","timestamp":"2022-08-09T18:02:35.819Z"}
{"level":"info","message":"Server is running","service":"billing-service","timestamp":"2022-08-09T18:02:52.894Z"}
{"level":"info","message":"success:false from register endpoint","service":"billing-service","timestamp":"2022-08-09T18:03:54.281Z"}
{"level":"info","message":"Server is running","service":"user-service","timestamp":"2022-08-09T18:05:13.022Z"}
{"level":"info","message":"Server is running","service":"user-service","timestamp":"2022-08-09T18:30:18.352Z"}
{"level":"info","message":"Server is running","service":"user-service","timestamp":"2022-08-09T18:30:33.574Z"}
{"level":"info","message":"Server is running","service":"user-service","timestamp":"2022-08-09T18:33:42.898Z"}
{"level":"info","message":"Server is running","service":"user-service","timestamp":"2022-08-09T18:53:48.006Z"}
{"level":"info","message":"Server is running","service":"user-service","timestamp":"2022-08-09T18:53:53.694Z"}
{"level":"info","message":"success:false from verify endpoint","service":"user-service","timestamp":"2022-08-09T18:54:33.430Z"}
{"level":"info","message":"Server is running","service":"user-service","timestamp":"2022-08-09T18:56:05.091Z"}
{"level":"info","message":"success:false from verify endpoint","service":"user-service","timestamp":"2022-08-09T18:56:28.538Z"}
{"level":"info","message":"log from login endpoint success","service":"user-service","timestamp":"2022-08-09T19:02:27.300Z"}
